<?xml version="1.0" encoding="UTF-8"?>
<!-- Generated by org.testng.reporters.JUnitReportReporter -->
<testsuite skipped="0" hostname="JaiBajrang" name="My_First_Project.firstAmazonCases.Test_Read_Each_Letter" tests="1" failures="0" timestamp="09 Jan 2021 21:04:50 GMT" time="21.229" errors="0">
  <testcase name="read_each_letter" time="21.229" classname="My_First_Project.firstAmazonCases.Test_Read_Each_Letter"/>
</testsuite> <!-- My_First_Project.firstAmazonCases.Test_Read_Each_Letter -->
