<?xml version="1.0" encoding="UTF-8"?>
<!-- Generated by org.testng.reporters.JUnitReportReporter -->
<testsuite skipped="0" hostname="JaiBajrang" name="My_First_Project.firstAmazonCases.Test_Refund_Order" tests="2" failures="0" timestamp="27 Dec 2020 17:54:20 GMT" time="28.644" errors="0">
  <testcase name="select_Todays_Deal" time="7.057" classname="My_First_Project.firstAmazonCases.Test_Refund_Order"/>
  <testcase name="select_Refund" time="21.587" classname="My_First_Project.firstAmazonCases.Test_Refund_Order"/>
</testsuite> <!-- My_First_Project.firstAmazonCases.Test_Refund_Order -->
