<?xml version="1.0" encoding="UTF-8"?>
<!-- Generated by org.testng.reporters.JUnitReportReporter -->
<testsuite skipped="0" hostname="JaiBajrang" name="TestCases_CustomerService_Handling" tests="2" failures="0" timestamp="30 Dec 2020 23:39:00 GMT" time="37.255" errors="0">
  <testcase name="customerService_Handler" time="26.922" classname="TestCases_CustomerService_Handling"/>
  <testcase name="order_Handler" time="10.333" classname="TestCases_CustomerService_Handling"/>
</testsuite> <!-- TestCases_CustomerService_Handling -->
