<?xml version="1.0" encoding="UTF-8"?>
<!-- Generated by org.testng.reporters.JUnitReportReporter -->
<testsuite skipped="0" hostname="JaiBajrang" name="My_First_Project.firstAmazonCases.Test_Login_User" tests="1" failures="0" timestamp="10 Jan 2021 14:34:33 GMT" time="17.105" errors="0">
  <testcase name="existing_Customer_Login" time="17.105" classname="My_First_Project.firstAmazonCases.Test_Login_User"/>
</testsuite> <!-- My_First_Project.firstAmazonCases.Test_Login_User -->
