<?xml version="1.0" encoding="UTF-8"?>
<!-- Generated by org.testng.reporters.JUnitReportReporter -->
<testsuite skipped="0" hostname="JaiBajrang" name="My_First_Project.firstAmazonCases.Test_Create_new_User" tests="1" failures="0" timestamp="09 Jan 2021 12:33:06 GMT" time="20.180" errors="0">
  <testcase name="Create_new_User_login" time="20.180" classname="My_First_Project.firstAmazonCases.Test_Create_new_User"/>
</testsuite> <!-- My_First_Project.firstAmazonCases.Test_Create_new_User -->
