<?xml version="1.0" encoding="UTF-8"?>
<!-- Generated by org.testng.reporters.JUnitReportReporter -->
<testsuite skipped="0" hostname="JaiBajrang" name="My_First_Project.firstAmazonCases.Test_Max_Value" tests="1" failures="0" timestamp="02 Jan 2021 09:43:39 GMT" time="15.013" errors="0">
  <testcase name="find_max_value" time="15.013" classname="My_First_Project.firstAmazonCases.Test_Max_Value"/>
</testsuite> <!-- My_First_Project.firstAmazonCases.Test_Max_Value -->
