<?xml version="1.0" encoding="UTF-8"?>
<!-- Generated by org.testng.reporters.JUnitReportReporter -->
<testsuite skipped="0" hostname="JaiBajrang" name="My_First_Project.firstAmazonCases.Test_Practice" tests="1" failures="0" timestamp="22 Dec 2020 18:23:06 GMT" time="0.039" errors="0">
  <testcase name="intergervalue" time="0.039" classname="My_First_Project.firstAmazonCases.Test_Practice"/>
</testsuite> <!-- My_First_Project.firstAmazonCases.Test_Practice -->
