<?xml version="1.0" encoding="UTF-8"?>
<!-- Generated by org.testng.reporters.JUnitReportReporter -->
<testsuite skipped="0" hostname="JaiBajrang" name="My_First_Project.firstAmazonCases.Test_WebTable" tests="1" failures="0" timestamp="28 Dec 2020 18:04:57 GMT" time="14.757" errors="0">
  <testcase name="first_column_data" time="14.757" classname="My_First_Project.firstAmazonCases.Test_WebTable"/>
</testsuite> <!-- My_First_Project.firstAmazonCases.Test_WebTable -->
