<?xml version="1.0" encoding="UTF-8"?>
<!-- Generated by org.testng.reporters.JUnitReportReporter -->
<testsuite skipped="0" hostname="JaiBajrang" name="My_First_Project.firstAmazonCases.Test_DependsOn" tests="3" failures="0" timestamp="09 Jan 2021 15:24:02 GMT" time="0.042" errors="0">
  <testcase name="test3" time="0.012" classname="My_First_Project.firstAmazonCases.Test_DependsOn"/>
  <testcase name="test2" time="0.027" classname="My_First_Project.firstAmazonCases.Test_DependsOn"/>
  <testcase name="test1" time="0.003" classname="My_First_Project.firstAmazonCases.Test_DependsOn"/>
</testsuite> <!-- My_First_Project.firstAmazonCases.Test_DependsOn -->
