<?xml version="1.0" encoding="UTF-8"?>
<!-- Generated by org.testng.reporters.JUnitReportReporter -->
<testsuite skipped="0" hostname="JaiBajrang" name="My_First_Project.firstAmazonCases.Test_Sorting_Practice" tests="1" failures="0" timestamp="06 Jan 2021 14:36:38 GMT" time="27.112" errors="0">
  <testcase name="sorting" time="27.112" classname="My_First_Project.firstAmazonCases.Test_Sorting_Practice"/>
</testsuite> <!-- My_First_Project.firstAmazonCases.Test_Sorting_Practice -->
