<?xml version="1.0" encoding="UTF-8"?>
<!-- Generated by org.testng.reporters.JUnitReportReporter -->
<testsuite skipped="0" hostname="JaiBajrang" name="My_First_Project.firstAmazonCases.Test_BuyAgain_Order" tests="1" failures="0" timestamp="09 Jan 2021 15:00:58 GMT" time="31.525" errors="0">
  <testcase name="select_any_order" time="31.525" classname="My_First_Project.firstAmazonCases.Test_BuyAgain_Order"/>
</testsuite> <!-- My_First_Project.firstAmazonCases.Test_BuyAgain_Order -->
