<?xml version="1.0" encoding="UTF-8"?>
<!-- Generated by org.testng.reporters.JUnitReportReporter -->
<testsuite skipped="0" hostname="JaiBajrang" name="My_First_Project.firstAmazonCases.Test_Amazon_uk" tests="2" failures="0" timestamp="10 Jan 2021 11:41:57 GMT" time="35.469" errors="0">
  <testcase name="select_any_order" time="7.052" classname="My_First_Project.firstAmazonCases.Test_Amazon_uk"/>
  <testcase name="Select_Amazon_ukoption" time="28.417" classname="My_First_Project.firstAmazonCases.Test_Amazon_uk"/>
</testsuite> <!-- My_First_Project.firstAmazonCases.Test_Amazon_uk -->
