<?xml version="1.0" encoding="UTF-8"?>
<!-- Generated by org.testng.reporters.JUnitReportReporter -->
<testsuite skipped="0" hostname="JaiBajrang" name="My_First_Project.firstAmazonCases.TestCases_CustomerService_Handling" tests="3" failures="0" timestamp="09 Jan 2021 14:48:51 GMT" time="35.806" errors="0">
  <testcase name="order_Handler" time="9.474" classname="My_First_Project.firstAmazonCases.TestCases_CustomerService_Handling"/>
  <testcase name="customerService_Handler" time="22.565" classname="My_First_Project.firstAmazonCases.TestCases_CustomerService_Handling"/>
  <testcase name="select_Digital_Order" time="3.767" classname="My_First_Project.firstAmazonCases.TestCases_CustomerService_Handling"/>
</testsuite> <!-- My_First_Project.firstAmazonCases.TestCases_CustomerService_Handling -->
