<?xml version="1.0" encoding="UTF-8"?>
<!-- Generated by org.testng.reporters.JUnitReportReporter -->
<testsuite skipped="0" hostname="JaiBajrang" name="My_First_Project.firstAmazonCases.Test_Login_User" tests="1" failures="0" timestamp="14 Jan 2021 11:00:54 GMT" time="16.883" errors="0">
  <testcase name="existing_Customer_Login" time="16.883" classname="My_First_Project.firstAmazonCases.Test_Login_User"/>
</testsuite> <!-- My_First_Project.firstAmazonCases.Test_Login_User -->
